<?xml version="1.0" encoding="UTF-8"?>
<testng-results skipped="0" failed="0" ignored="0" total="1" passed="1">
  <reporter-output>
  </reporter-output>
  <suite name="Default suite" duration-ms="648" started-at="2023-01-27T07:35:40Z" finished-at="2023-01-27T07:35:40Z">
    <groups>
      <group name="cucumber">
        <method signature="AbstractTestNGCucumberTests.feature(cucumber.api.testng.CucumberFeatureWrapper)[pri:0, instance:testrunners.EmpregTest@4b5d6a01]" name="feature" class="cucumber.api.testng.AbstractTestNGCucumberTests"/>
      </group> <!-- cucumber -->
    </groups>
    <test name="Default test" duration-ms="648" started-at="2023-01-27T07:35:40Z" finished-at="2023-01-27T07:35:40Z">
      <class name="testrunners.EmpregTest">
        <test-method status="PASS" signature="setUpClass()[pri:0, instance:testrunners.EmpregTest@4b5d6a01]" name="setUpClass" is-config="true" duration-ms="171" started-at="2023-01-27T07:35:40Z" finished-at="2023-01-27T07:35:40Z">
          <reporter-output>
          </reporter-output>
        </test-method> <!-- setUpClass -->
        <test-method status="PASS" signature="feature(cucumber.api.testng.CucumberFeatureWrapper)[pri:0, instance:testrunners.EmpregTest@4b5d6a01]" name="feature" duration-ms="159" started-at="2023-01-27T07:35:40Z" description="Runs Cucumber Feature" data-provider="features" finished-at="2023-01-27T07:35:40Z">
          <params>
            <param index="0">
              <value>
                <![CDATA[AddEmpolyee]]>
              </value>
            </param>
          </params>
          <reporter-output>
          </reporter-output>
        </test-method> <!-- feature -->
        <test-method status="PASS" signature="tearDownClass()[pri:0, instance:testrunners.EmpregTest@4b5d6a01]" name="tearDownClass" is-config="true" duration-ms="250" started-at="2023-01-27T07:35:40Z" finished-at="2023-01-27T07:35:40Z">
          <reporter-output>
          </reporter-output>
        </test-method> <!-- tearDownClass -->
      </class> <!-- testrunners.EmpregTest -->
    </test> <!-- Default test -->
  </suite> <!-- Default suite -->
</testng-results>
